<?xml version="1.0" encoding="UTF-8"?>
<!-- Generated by org.testng.reporters.JUnitXMLReporter -->
<testsuite hostname="DESKTOP-67TBU2L" ignored="0" name="Web Test" tests="4" failures="0" timestamp="2021-04-08T13:06:49 IDT" time="4.178" errors="0">
  <testcase name="test01_VerifyTeam" time="2.111" classname="santiy.GrafanaApi"/>
  <testcase name="test02_addTeam" time="0.142" classname="santiy.GrafanaApi"/>
  <testcase name="test03_updateTeam" time="0.211" classname="santiy.GrafanaApi"/>
  <testcase name="test04_deleteTeam" time="0.137" classname="santiy.GrafanaApi"/>
</testsuite> <!-- Web Test -->
